<<<<<<< HEAD
﻿已經開始建置於 2015/8/21 上午 06:49:15。
     1>節點 2 (Build 目標) 上的專案 "D:\github\OpenTLD_20150408\src\opentld\main.vcxproj"。
     1>ClCompile:
         C:\Program Files (x86)\Microsoft Visual Studio 12.0\VC\bin\x86_amd64\CL.exe /c /ID:\opencv\build\include /ID:\opencv\build\include\opencv /ID:\github\OpenTLD_20150408\src\opentld\main /ID:\github\OpenTLD_20150408\src\opentld\..\libopentld\imacq /ID:\github\OpenTLD_20150408\src\opentld\..\libopentld\mftracker /ID:\github\OpenTLD_20150408\src\opentld\..\libopentld\tld /ID:\github\OpenTLD_20150408\src\opentld\..\3rdparty\cvblobs /ID:\github\OpenTLD_20150408\src\opentld\..\3rdparty\libconfig /Zi /nologo /W3 /WX- /Od /Ob0 /D WIN32 /D _WINDOWS /D _DEBUG /D LIBCONFIGXX_STATIC /D LIBCONFIG_STATIC /D "CMAKE_INTDIR=\"Debug\"" /D _MBCS /Gm- /EHsc /RTC1 /MDd /GS /fp:precise /Zc:wchar_t /Zc:forScope /GR /Fo"main.dir\Debug\\" /Fd"main.dir\Debug\vc120.pdb" /Gd /TP /errorReport:prompt SocketImageStream.cpp
         SocketImageStream.cpp
     1>d:\opencv\build\include\opencv2\flann\dist.h : warning C4819: 檔案含有無法在目前字碼頁 (950) 中表示的字元。請以 Unicode 格式儲存檔案以防止資料遺失
     1>d:\opencv\build\include\opencv2\flann\logger.h(66): warning C4996: 'fopen': This function or variable may be unsafe. Consider using fopen_s instead. To disable deprecation, use _CRT_SECURE_NO_WARNINGS. See online help for details.
                 C:\Program Files (x86)\Microsoft Visual Studio 12.0\VC\include\stdio.h(211) : 請參閱 'fopen' 的宣告
     1>D:\opencv\build\include\opencv2/legacy/compat.hpp : warning C4819: 檔案含有無法在目前字碼頁 (950) 中表示的字元。請以 Unicode 格式儲存檔案以防止資料遺失
     1>SocketImageStream.cpp(41): warning C4101: 'recvbuf' : 未參考的區域變數
     1>SocketImageStream.cpp(110): warning C4101: 'curBufLen' : 未參考的區域變數
       Lib:
=======
﻿已經開始建置於 2015/8/13 下午 01:47:55。
     1>節點 3 (Build 目標) 上的專案 "D:\github\OpenTLD_20150408\src\opentld\main.vcxproj"。
     1>Lib:
>>>>>>> origin/master
         C:\Program Files (x86)\Microsoft Visual Studio 12.0\VC\bin\x86_amd64\Lib.exe /OUT:"D:\github\OpenTLD_20150408\lib\Debug\main.lib" /NOLOGO /MACHINE:X64 main.dir\Debug\SocketImageStream.obj
         main.dir\Debug\Config.obj
         main.dir\Debug\Gui.obj
         main.dir\Debug\Main.obj
         main.dir\Debug\Settings.obj
         main.dir\Debug\Trajectory.obj
         main.vcxproj -> D:\github\OpenTLD_20150408\lib\Debug\main.lib
     1>專案 "D:\github\OpenTLD_20150408\src\opentld\main.vcxproj" (Build 目標) 建置完成。

建置成功。

<<<<<<< HEAD
經過時間 00:00:01.36
=======
經過時間 00:00:01.05
>>>>>>> origin/master
