已經開始建置於 2015/8/21 上午 07:03:09。
     1>節點 2 (Build 目標) 上的專案 "D:\github\OpenTLD_20150408\src\libopentld\libopentld.vcxproj"。
     1>Lib:
         C:\Program Files (x86)\Microsoft Visual Studio 12.0\VC\bin\x86_amd64\Lib.exe /OUT:"D:\github\OpenTLD_20150408\lib\Debug\opentld.lib" /NOLOGO /MACHINE:X64 libopentld.dir\Debug\ImAcq.obj
         libopentld.dir\Debug\BB.obj
         libopentld.dir\Debug\BBPredict.obj
         libopentld.dir\Debug\FBTrack.obj
         libopentld.dir\Debug\Lk.obj
         libopentld.dir\Debug\Median.obj
         libopentld.dir\Debug\Clustering.obj
         libopentld.dir\Debug\DetectionResult.obj
         libopentld.dir\Debug\DetectorCascade.obj
         libopentld.dir\Debug\EnsembleClassifier.obj
         libopentld.dir\Debug\ForegroundDetector.obj
         libopentld.dir\Debug\MedianFlowTracker.obj
         libopentld.dir\Debug\NNClassifier.obj
         libopentld.dir\Debug\TLD.obj
         libopentld.dir\Debug\TLDUtil.obj
         libopentld.dir\Debug\VarianceFilter.obj
         libopentld.vcxproj -> D:\github\OpenTLD_20150408\lib\Debug\opentld.lib
     1>專案 "D:\github\OpenTLD_20150408\src\libopentld\libopentld.vcxproj" (Build 目標) 建置完成。

建置成功。

經過時間 00:00:06.14
